0 info it worked if it ends with ok
1 verbose cli [ '/usr/local/bin/node',
1 verbose cli   '/usr/local/bin/npm',
1 verbose cli   'install',
1 verbose cli   'ejs',
1 verbose cli   '-g' ]
2 info using npm@2.14.7
3 info using node@v4.2.2
4 verbose install initial load of /usr/local/lib/package.json
5 verbose readDependencies loading dependencies from /usr/local/lib/package.json
6 silly cache add args [ 'ejs', null ]
7 verbose cache add spec ejs
8 silly cache add parsed spec Result {
8 silly cache add   raw: 'ejs',
8 silly cache add   scope: null,
8 silly cache add   name: 'ejs',
8 silly cache add   rawSpec: '',
8 silly cache add   spec: '*',
8 silly cache add   type: 'range' }
9 silly addNamed ejs@*
10 verbose addNamed "*" is a valid semver range for ejs
11 silly addNameRange { name: 'ejs', range: '*', hasData: false }
12 silly mapToRegistry name ejs
13 silly mapToRegistry using default registry
14 silly mapToRegistry registry https://registry.npmjs.org/
15 silly mapToRegistry uri https://registry.npmjs.org/ejs
16 verbose addNameRange registry:https://registry.npmjs.org/ejs not in flight; fetching
17 verbose request uri https://registry.npmjs.org/ejs
18 verbose request no auth needed
19 info attempt registry request try #1 at 7:57:00 PM
20 verbose request id 585934ae7bcc1bb6
21 verbose etag "EK7ZHWH3B4U2Y1HE5P48XTPMP"
22 http request GET https://registry.npmjs.org/ejs
23 http 304 https://registry.npmjs.org/ejs
24 verbose headers { date: 'Mon, 11 Jul 2016 11:57:01 GMT',
24 verbose headers   via: '1.1 varnish',
24 verbose headers   'cache-control': 'max-age=300',
24 verbose headers   etag: '"EK7ZHWH3B4U2Y1HE5P48XTPMP"',
24 verbose headers   age: '194',
24 verbose headers   connection: 'keep-alive',
24 verbose headers   'x-served-by': 'cache-hkg6822-HKG',
24 verbose headers   'x-cache': 'HIT',
24 verbose headers   'x-cache-hits': '1',
24 verbose headers   'x-timer': 'S1468238221.051647,VS0,VE0',
24 verbose headers   vary: 'Accept-Encoding' }
25 silly get cb [ 304,
25 silly get   { date: 'Mon, 11 Jul 2016 11:57:01 GMT',
25 silly get     via: '1.1 varnish',
25 silly get     'cache-control': 'max-age=300',
25 silly get     etag: '"EK7ZHWH3B4U2Y1HE5P48XTPMP"',
25 silly get     age: '194',
25 silly get     connection: 'keep-alive',
25 silly get     'x-served-by': 'cache-hkg6822-HKG',
25 silly get     'x-cache': 'HIT',
25 silly get     'x-cache-hits': '1',
25 silly get     'x-timer': 'S1468238221.051647,VS0,VE0',
25 silly get     vary: 'Accept-Encoding' } ]
26 verbose etag https://registry.npmjs.org/ejs from cache
27 verbose get saving ejs to /Users/parda/.npm/registry.npmjs.org/ejs/.cache.json
28 silly addNameRange number 2 { name: 'ejs', range: '*', hasData: true }
29 silly addNameRange versions [ 'ejs',
29 silly addNameRange   [ '0.0.1',
29 silly addNameRange     '0.0.2',
29 silly addNameRange     '0.0.3',
29 silly addNameRange     '0.0.4',
29 silly addNameRange     '0.1.0',
29 silly addNameRange     '0.2.0',
29 silly addNameRange     '0.2.1',
29 silly addNameRange     '0.3.0',
29 silly addNameRange     '0.3.1',
29 silly addNameRange     '0.4.0',
29 silly addNameRange     '0.4.1',
29 silly addNameRange     '0.4.2',
29 silly addNameRange     '0.4.3',
29 silly addNameRange     '0.5.0',
29 silly addNameRange     '0.6.0',
29 silly addNameRange     '0.6.1',
29 silly addNameRange     '0.7.0',
29 silly addNameRange     '0.7.1',
29 silly addNameRange     '0.7.2',
29 silly addNameRange     '0.8.0',
29 silly addNameRange     '0.8.1',
29 silly addNameRange     '0.8.2',
29 silly addNameRange     '0.8.3',
29 silly addNameRange     '0.8.4',
29 silly addNameRange     '0.8.5',
29 silly addNameRange     '0.8.6',
29 silly addNameRange     '0.8.8',
29 silly addNameRange     '1.0.0',
29 silly addNameRange     '2.0.2',
29 silly addNameRange     '2.0.3',
29 silly addNameRange     '2.0.4',
29 silly addNameRange     '2.0.5',
29 silly addNameRange     '2.0.6',
29 silly addNameRange     '2.0.7',
29 silly addNameRange     '2.0.8',
29 silly addNameRange     '2.1.1',
29 silly addNameRange     '2.1.2',
29 silly addNameRange     '2.1.3',
29 silly addNameRange     '2.1.4',
29 silly addNameRange     '2.2.1',
29 silly addNameRange     '2.2.2',
29 silly addNameRange     '2.2.3',
29 silly addNameRange     '2.2.4',
29 silly addNameRange     '2.3.1',
29 silly addNameRange     '2.3.2',
29 silly addNameRange     '2.3.3',
29 silly addNameRange     '2.3.4',
29 silly addNameRange     '2.4.1',
29 silly addNameRange     '2.4.2' ] ]
30 silly addNamed ejs@2.4.2
31 verbose addNamed "2.4.2" is a plain semver version for ejs
32 silly cache afterAdd ejs@2.4.2
33 verbose afterAdd /Users/parda/.npm/ejs/2.4.2/package/package.json not in flight; writing
34 verbose afterAdd /Users/parda/.npm/ejs/2.4.2/package/package.json written
35 silly install resolved [ { name: 'ejs',
35 silly install resolved     description: 'Embedded JavaScript templates',
35 silly install resolved     keywords: [ 'template', 'engine', 'ejs' ],
35 silly install resolved     version: '2.4.2',
35 silly install resolved     author:
35 silly install resolved      { name: 'Matthew Eernisse',
35 silly install resolved        email: 'mde@fleegix.org',
35 silly install resolved        url: 'http://fleegix.org' },
35 silly install resolved     contributors: [ [Object] ],
35 silly install resolved     license: 'Apache-2.0',
35 silly install resolved     main: './lib/ejs.js',
35 silly install resolved     repository: { type: 'git', url: 'git://github.com/mde/ejs.git' },
35 silly install resolved     bugs: { url: 'https://github.com/mde/ejs/issues' },
35 silly install resolved     homepage: 'https://github.com/mde/ejs',
35 silly install resolved     dependencies: {},
35 silly install resolved     devDependencies:
35 silly install resolved      { browserify: '^8.0.3',
35 silly install resolved        istanbul: '~0.3.5',
35 silly install resolved        jake: '^8.0.0',
35 silly install resolved        jsdoc: '^3.3.0-beta1',
35 silly install resolved        'lru-cache': '^2.5.0',
35 silly install resolved        mocha: '^2.1.0',
35 silly install resolved        rimraf: '^2.2.8',
35 silly install resolved        'uglify-js': '^2.4.16' },
35 silly install resolved     engines: { node: '>=0.10.0' },
35 silly install resolved     scripts:
35 silly install resolved      { test: 'mocha',
35 silly install resolved        sample: 'npm install express && node sample/index.js',
35 silly install resolved        coverage: 'istanbul cover node_modules/mocha/bin/_mocha',
35 silly install resolved        doc: 'rimraf out && jsdoc -c jsdoc.json lib/* docs/jsdoc/*',
35 silly install resolved        devdoc: 'rimraf out && jsdoc -p -c jsdoc.json lib/* docs/jsdoc/*' },
35 silly install resolved     _id: 'ejs@2.4.2',
35 silly install resolved     _shasum: '7057eb4812958fb731841cd9ca353343efe597b1',
35 silly install resolved     _resolved: 'https://registry.npmjs.org/ejs/-/ejs-2.4.2.tgz',
35 silly install resolved     _from: 'ejs@*',
35 silly install resolved     _npmVersion: '2.15.1',
35 silly install resolved     _nodeVersion: '4.4.4',
35 silly install resolved     _npmUser: { name: 'mde', email: 'mde@fleegix.org' },
35 silly install resolved     maintainers: [ [Object], [Object] ],
35 silly install resolved     dist:
35 silly install resolved      { shasum: '7057eb4812958fb731841cd9ca353343efe597b1',
35 silly install resolved        tarball: 'https://registry.npmjs.org/ejs/-/ejs-2.4.2.tgz' },
35 silly install resolved     _npmOperationalInternal:
35 silly install resolved      { host: 'packages-12-west.internal.npmjs.com',
35 silly install resolved        tmp: 'tmp/ejs-2.4.2.tgz_1464117640663_0.8193834638223052' },
35 silly install resolved     directories: {},
35 silly install resolved     readme: 'ERROR: No README data found!' } ]
36 info install ejs@2.4.2 into /usr/local/lib
37 info installOne ejs@2.4.2
38 verbose installOne of ejs to /usr/local/lib not in flight; installing
39 verbose lock using /Users/parda/.npm/_locks/ejs-a98e50b4de6b1aec.lock for /usr/local/lib/node_modules/ejs
40 silly install write writing ejs 2.4.2 to /usr/local/lib/node_modules/ejs
41 verbose unbuild lib/node_modules/ejs
42 silly gentlyRm /usr/local/lib/node_modules/ejs is being purged from base /usr/local
43 verbose gentlyRm don't care about contents; nuking /usr/local/lib/node_modules/ejs
44 verbose tar unpack /Users/parda/.npm/ejs/2.4.2/package.tgz
45 verbose tar unpacking to /usr/local/lib/node_modules/ejs
46 silly gentlyRm /usr/local/lib/node_modules/ejs is being purged
47 verbose gentlyRm don't care about contents; nuking /usr/local/lib/node_modules/ejs
48 silly gunzTarPerm modes [ '755', '644' ]
49 error tar.unpack untar error /Users/parda/.npm/ejs/2.4.2/package.tgz
50 verbose unlock done using /Users/parda/.npm/_locks/ejs-a98e50b4de6b1aec.lock for /usr/local/lib/node_modules/ejs
51 verbose fstream_path /usr/local/lib/node_modules/ejs
52 verbose fstream_type Directory
53 verbose fstream_class DirWriter
54 verbose stack Error: EACCES: permission denied, mkdir '/usr/local/lib/node_modules/ejs'
54 verbose stack     at Error (native)
55 verbose fstream_stack /usr/local/lib/node_modules/npm/node_modules/fstream/lib/dir-writer.js:35:25
55 verbose fstream_stack /usr/local/lib/node_modules/npm/node_modules/mkdirp/index.js:47:53
55 verbose fstream_stack FSReqWrap.oncomplete (fs.js:82:15)
56 verbose cwd /Users/parda/Documents/FirstWeb
57 error Darwin 15.5.0
58 error argv "/usr/local/bin/node" "/usr/local/bin/npm" "install" "ejs" "-g"
59 error node v4.2.2
60 error npm  v2.14.7
61 error path /usr/local/lib/node_modules/ejs
62 error code EACCES
63 error errno -13
64 error syscall mkdir
65 error Error: EACCES: permission denied, mkdir '/usr/local/lib/node_modules/ejs'
65 error     at Error (native)
65 error  { [Error: EACCES: permission denied, mkdir '/usr/local/lib/node_modules/ejs']
65 error   errno: -13,
65 error   code: 'EACCES',
65 error   syscall: 'mkdir',
65 error   path: '/usr/local/lib/node_modules/ejs',
65 error   fstream_type: 'Directory',
65 error   fstream_path: '/usr/local/lib/node_modules/ejs',
65 error   fstream_class: 'DirWriter',
65 error   fstream_stack:
65 error    [ '/usr/local/lib/node_modules/npm/node_modules/fstream/lib/dir-writer.js:35:25',
65 error      '/usr/local/lib/node_modules/npm/node_modules/mkdirp/index.js:47:53',
65 error      'FSReqWrap.oncomplete (fs.js:82:15)' ] }
66 error Please try running this command again as root/Administrator.
67 verbose exit [ -13, true ]
68 verbose unbuild lib/node_modules/ejs
69 silly gentlyRm /usr/local/lib/node_modules/ejs is being purged from base /usr/local
70 verbose gentlyRm don't care about contents; nuking /usr/local/lib/node_modules/ejs
